Feb 08, 2019 7:13:39 AM org.apache.catalina.startup.VersionLoggerListener log
INFO: Server version:        Apache Tomcat (TomEE)/7.0.81 (1.7.5)
Feb 08, 2019 7:13:39 AM org.apache.catalina.startup.VersionLoggerListener log
INFO: Server built:          Aug 11 2017 10:21:27 UTC
Feb 08, 2019 7:13:39 AM org.apache.catalina.startup.VersionLoggerListener log
INFO: Server number:         7.0.81.0
Feb 08, 2019 7:13:39 AM org.apache.catalina.startup.VersionLoggerListener log
INFO: OS Name:               Windows 10
Feb 08, 2019 7:13:39 AM org.apache.catalina.startup.VersionLoggerListener log
INFO: OS Version:            10.0
Feb 08, 2019 7:13:39 AM org.apache.catalina.startup.VersionLoggerListener log
INFO: Architecture:          amd64
Feb 08, 2019 7:13:39 AM org.apache.catalina.startup.VersionLoggerListener log
INFO: Java Home:             c:\java\jre
Feb 08, 2019 7:13:39 AM org.apache.catalina.startup.VersionLoggerListener log
INFO: JVM Version:           1.8.0_202-b08
Feb 08, 2019 7:13:39 AM org.apache.catalina.startup.VersionLoggerListener log
INFO: JVM Vendor:            Oracle Corporation
Feb 08, 2019 7:13:39 AM org.apache.catalina.startup.VersionLoggerListener log
INFO: CATALINA_BASE:         C:\address-manager\application\target\apache-tomee
Feb 08, 2019 7:13:39 AM org.apache.catalina.startup.VersionLoggerListener log
INFO: CATALINA_HOME:         C:\address-manager\application\target\apache-tomee
Feb 08, 2019 7:13:39 AM org.apache.catalina.startup.VersionLoggerListener log
INFO: Command line argument: -XX:+HeapDumpOnOutOfMemoryError
Feb 08, 2019 7:13:39 AM org.apache.catalina.startup.VersionLoggerListener log
INFO: Command line argument: -Dorg.apache.catalina.STRICT_SERVLET_COMPLIANCE=false
Feb 08, 2019 7:13:39 AM org.apache.catalina.startup.VersionLoggerListener log
INFO: Command line argument: -Dopenejb.session.manager=org.apache.tomee.catalina.session.QuickSessionManager
Feb 08, 2019 7:13:39 AM org.apache.catalina.startup.VersionLoggerListener log
INFO: Command line argument: -Dtomee.remote.support=true
Feb 08, 2019 7:13:39 AM org.apache.catalina.startup.VersionLoggerListener log
INFO: Command line argument: -Dopenejb.system.apps=false
Feb 08, 2019 7:13:39 AM org.apache.catalina.startup.VersionLoggerListener log
INFO: Command line argument: -Djava.util.logging.config.file=C:\address-manager\application\target\apache-tomee\conf\logging.properties
Feb 08, 2019 7:13:39 AM org.apache.catalina.startup.VersionLoggerListener log
INFO: Command line argument: -javaagent:C:\address-manager\application\target\apache-tomee\lib\openejb-javaagent.jar
Feb 08, 2019 7:13:39 AM org.apache.catalina.startup.VersionLoggerListener log
INFO: Command line argument: -Djava.util.logging.manager=org.apache.juli.ClassLoaderLogManager
Feb 08, 2019 7:13:39 AM org.apache.catalina.startup.VersionLoggerListener log
INFO: Command line argument: -Djava.io.tmpdir=C:\address-manager\application\target\apache-tomee\temp
Feb 08, 2019 7:13:39 AM org.apache.catalina.startup.VersionLoggerListener log
INFO: Command line argument: -Djava.endorsed.dirs=C:\address-manager\application\target\apache-tomee\endorsed
Feb 08, 2019 7:13:39 AM org.apache.catalina.startup.VersionLoggerListener log
INFO: Command line argument: -Dcatalina.base=C:\address-manager\application\target\apache-tomee
Feb 08, 2019 7:13:39 AM org.apache.catalina.startup.VersionLoggerListener log
INFO: Command line argument: -Dcatalina.home=C:\address-manager\application\target\apache-tomee
Feb 08, 2019 7:13:39 AM org.apache.catalina.startup.VersionLoggerListener log
INFO: Command line argument: -Dcatalina.ext.dirs=C:\address-manager\application\target\apache-tomee\lib
Feb 08, 2019 7:13:39 AM org.apache.catalina.startup.VersionLoggerListener log
INFO: Command line argument: -Dorg.apache.tomcat.util.http.ServerCookie.ALLOW_HTTP_SEPARATORS_IN_V0=true
Feb 08, 2019 7:13:39 AM org.apache.catalina.startup.VersionLoggerListener log
INFO: Command line argument: -ea
Feb 08, 2019 7:13:39 AM org.apache.catalina.core.AprLifecycleListener lifecycleEvent
INFO: The APR based Apache Tomcat Native library which allows optimal performance in production environments was not found on the java.library.path: c:\java\jre\bin;C:\WINDOWS\Sun\Java\bin;C:\WINDOWS\system32;C:\WINDOWS;C:\Program Files (x86)\Common Files\Oracle\Java\javapath;c:\windows\system32;c:\windows;c:\windows\system32\wbem;c:\windows\system32\windowspowershell\v1.0\;c:\windows\system32\openssh\;c:\program files\intel\wifi\bin\;c:\program files\common files\intel\wirelesscommon\;C:\Program Files (x86)\Intel\Intel(R) Management Engine Components\DAL;C:\Program Files\Intel\Intel(R) Management Engine Components\DAL;c:\maven\bin;C:\Program Files\Git\cmd;C:\Users\d033258\AppData\Roaming\Cloud Foundry;C:\Users\d033258\AppData\Local\Microsoft\WindowsApps;c:\maven\bin;c:\java\\bin;;.
Feb 08, 2019 7:13:40 AM org.apache.coyote.AbstractProtocol init
INFO: Initializing ProtocolHandler ["http-bio-8080"]
Feb 08, 2019 7:13:40 AM org.apache.coyote.AbstractProtocol init
INFO: Initializing ProtocolHandler ["ajp-bio-8009"]
Feb 08, 2019 7:13:41 AM org.apache.openejb.util.OptionsLog info
INFO: Using 'tomee.remote.support=true'
Feb 08, 2019 7:13:41 AM org.apache.openejb.util.OptionsLog info
INFO: Using 'openejb.jdbc.datasource-creator=org.apache.tomee.jdbc.TomEEDataSourceCreator'
Feb 08, 2019 7:13:41 AM org.apache.openejb.OpenEJB$Instance <init>
INFO: ********************************************************************************
Feb 08, 2019 7:13:41 AM org.apache.openejb.OpenEJB$Instance <init>
INFO: OpenEJB http://tomee.apache.org/
Feb 08, 2019 7:13:41 AM org.apache.openejb.OpenEJB$Instance <init>
INFO: Startup: Fri Feb 08 07:13:41 CET 2019
Feb 08, 2019 7:13:41 AM org.apache.openejb.OpenEJB$Instance <init>
INFO: Copyright 1999-2015 (C) Apache OpenEJB/TomEE Project, All Rights Reserved.
Feb 08, 2019 7:13:41 AM org.apache.openejb.OpenEJB$Instance <init>
INFO: Version: 4.7.5
Feb 08, 2019 7:13:41 AM org.apache.openejb.OpenEJB$Instance <init>
INFO: Build date: 20170927
Feb 08, 2019 7:13:41 AM org.apache.openejb.OpenEJB$Instance <init>
INFO: Build time: 12:02
Feb 08, 2019 7:13:41 AM org.apache.openejb.OpenEJB$Instance <init>
INFO: ********************************************************************************
Feb 08, 2019 7:13:41 AM org.apache.openejb.OpenEJB$Instance <init>
INFO: openejb.home = C:\address-manager\application\target\apache-tomee
Feb 08, 2019 7:13:41 AM org.apache.openejb.OpenEJB$Instance <init>
INFO: openejb.base = C:\address-manager\application\target\apache-tomee
Feb 08, 2019 7:13:41 AM org.apache.openejb.cdi.CdiBuilder initializeOWB
INFO: Created new singletonService org.apache.openejb.cdi.ThreadSingletonServiceImpl@60438a68
Feb 08, 2019 7:13:41 AM org.apache.openejb.cdi.CdiBuilder initializeOWB
INFO: Succeeded in installing singleton service
Feb 08, 2019 7:13:41 AM org.apache.openejb.config.ConfigurationFactory init
INFO: openejb configuration file is 'C:\address-manager\application\target\apache-tomee\conf\tomee.xml'
Feb 08, 2019 7:13:42 AM org.apache.openejb.config.ConfigurationFactory configureService
INFO: Configuring Service(id=Tomcat Security Service, type=SecurityService, provider-id=Tomcat Security Service)
Feb 08, 2019 7:13:42 AM org.apache.openejb.config.ConfigurationFactory configureService
INFO: Configuring Service(id=Default Transaction Manager, type=TransactionManager, provider-id=Default Transaction Manager)
Feb 08, 2019 7:13:42 AM org.apache.openejb.util.OptionsLog info
INFO: Using 'openejb.system.apps=false'
Feb 08, 2019 7:13:42 AM org.apache.openejb.util.OptionsLog info
INFO: Using 'openejb.deployments.classpath=false'
Feb 08, 2019 7:13:42 AM org.apache.openejb.assembler.classic.Assembler createRecipe
INFO: Creating TransactionManager(id=Default Transaction Manager)
Feb 08, 2019 7:13:42 AM org.apache.openejb.assembler.classic.Assembler createRecipe
INFO: Creating SecurityService(id=Tomcat Security Service)
Feb 08, 2019 7:13:42 AM org.apache.openejb.server.ServiceManager initServer
INFO: Creating ServerService(id=cxf-rs)
Feb 08, 2019 7:13:43 AM org.apache.openejb.server.SimpleServiceManager start
INFO:   ** Bound Services **
Feb 08, 2019 7:13:43 AM org.apache.openejb.server.SimpleServiceManager printRow
INFO:   NAME                 IP              PORT  
Feb 08, 2019 7:13:43 AM org.apache.openejb.server.SimpleServiceManager start
INFO: -------
Feb 08, 2019 7:13:43 AM org.apache.openejb.server.SimpleServiceManager start
INFO: Ready!
Feb 08, 2019 7:13:43 AM org.apache.catalina.startup.Catalina load
INFO: Initialization processed in 5103 ms
Feb 08, 2019 7:13:43 AM org.apache.tomee.catalina.OpenEJBNamingContextListener bindResource
INFO: Importing a Tomcat Resource with id 'UserDatabase' of type 'org.apache.catalina.UserDatabase'.
Feb 08, 2019 7:13:43 AM org.apache.openejb.assembler.classic.Assembler createRecipe
INFO: Creating Resource(id=UserDatabase)
Feb 08, 2019 7:13:43 AM org.apache.catalina.core.StandardService startInternal
INFO: Starting service Catalina
Feb 08, 2019 7:13:43 AM org.apache.catalina.core.StandardEngine startInternal
INFO: Starting Servlet Engine: Apache Tomcat (TomEE)/7.0.81 (1.7.5)
Feb 08, 2019 7:13:43 AM org.apache.catalina.startup.HostConfig deployWAR
INFO: Deploying web application archive C:\address-manager\application\target\apache-tomee\webapps\ROOT.war
Feb 08, 2019 7:13:43 AM org.apache.tomee.catalina.TomcatWebAppBuilder init
INFO: ------------------------- localhost -> /
Feb 08, 2019 7:13:43 AM org.apache.openejb.util.JarExtractor extract
INFO: Extracting jar: C:\address-manager\application\target\apache-tomee\webapps\ROOT.war
Feb 08, 2019 7:13:44 AM org.apache.openejb.util.JarExtractor extract
INFO: Extracted path: C:\address-manager\application\target\apache-tomee\webapps\ROOT
Feb 08, 2019 7:13:44 AM org.apache.openejb.util.OptionsLog info
INFO: Using 'openejb.session.manager=org.apache.tomee.catalina.session.QuickSessionManager'
Feb 08, 2019 7:13:50 AM org.apache.openejb.config.ConfigurationFactory configureApplication
INFO: Configuring enterprise application: C:\address-manager\application\target\apache-tomee\webapps\ROOT
Feb 08, 2019 7:13:51 AM org.apache.openejb.config.ConfigurationFactory configureService
INFO: Configuring Service(id=Default Managed Container, type=Container, provider-id=Default Managed Container)
Feb 08, 2019 7:13:51 AM org.apache.openejb.config.AutoConfig createContainer
INFO: Auto-creating a container for bean .Comp2090122975: Container(type=MANAGED, id=Default Managed Container)
Feb 08, 2019 7:13:51 AM org.apache.openejb.assembler.classic.Assembler createRecipe
INFO: Creating Container(id=Default Managed Container)
Feb 08, 2019 7:13:51 AM org.apache.openejb.core.managed.SimplePassivater init
INFO: Using directory C:\address-manager\application\target\apache-tomee\temp for stateful session passivation
Feb 08, 2019 7:13:51 AM org.apache.openejb.config.AppInfoBuilder build
INFO: Enterprise application "C:\address-manager\application\target\apache-tomee\webapps\ROOT" loaded.
Feb 08, 2019 7:13:52 AM org.apache.openejb.assembler.classic.Assembler createApplication
INFO: Assembling app: C:\address-manager\application\target\apache-tomee\webapps\ROOT
Feb 08, 2019 7:13:52 AM org.apache.openejb.cdi.CdiBuilder initSingleton
INFO: Existing thread singleton service in SystemInstance(): org.apache.openejb.cdi.ThreadSingletonServiceImpl@60438a68
Feb 08, 2019 7:13:52 AM org.apache.openejb.cdi.OpenEJBLifecycle startApplication
INFO: OpenWebBeans Container is starting...
Feb 08, 2019 7:13:52 AM org.apache.webbeans.plugins.PluginLoader startUp
INFO: Adding OpenWebBeansPlugin : [CdiPlugin]
Feb 08, 2019 7:13:52 AM org.apache.webbeans.plugins.PluginLoader startUp
INFO: Adding OpenWebBeansPlugin : [OpenWebBeansJsfPlugin]
Feb 08, 2019 7:14:04 AM org.apache.webbeans.config.BeansDeployer deploySingleAnnotatedType
INFO: Skipping deployment of Class class com.sap.cloud.sdk.cloudplatform.auditlog.ScpCfAuditLogdue to a NoClassDefFoundError: com/sap/xs/audit/api/AuditLogMessage
Feb 08, 2019 7:14:11 AM org.apache.webbeans.config.BeansDeployer validateInjectionPoints
INFO: All injection points were validated successfully.
Feb 08, 2019 7:14:11 AM org.apache.openejb.cdi.OpenEJBLifecycle startApplication
INFO: OpenWebBeans Container has started, it took 18454 ms.
Feb 08, 2019 7:14:11 AM org.apache.openejb.assembler.classic.Assembler createApplication
INFO: Deployed Application(path=C:\address-manager\application\target\apache-tomee\webapps\ROOT)
Feb 08, 2019 7:14:16 AM org.apache.catalina.startup.HostConfig deployWAR
INFO: Deployment of web application archive C:\address-manager\application\target\apache-tomee\webapps\ROOT.war has finished in 32,573 ms
Feb 08, 2019 7:14:16 AM org.apache.coyote.AbstractProtocol start
INFO: Starting ProtocolHandler ["http-bio-8080"]
Feb 08, 2019 7:14:16 AM org.apache.coyote.AbstractProtocol start
INFO: Starting ProtocolHandler ["ajp-bio-8009"]
Feb 08, 2019 7:14:16 AM org.apache.catalina.startup.Catalina start
INFO: Server startup in 32996 ms
Feb 08, 2019 7:14:16 AM org.apache.catalina.core.StandardServer await
SEVERE: StandardServer.await: create[localhost:8005]: 
java.net.BindException: Address already in use: JVM_Bind
	at java.net.DualStackPlainSocketImpl.bind0(Native Method)
	at java.net.DualStackPlainSocketImpl.socketBind(DualStackPlainSocketImpl.java:106)
	at java.net.AbstractPlainSocketImpl.bind(AbstractPlainSocketImpl.java:387)
	at java.net.PlainSocketImpl.bind(PlainSocketImpl.java:190)
	at java.net.ServerSocket.bind(ServerSocket.java:375)
	at java.net.ServerSocket.<init>(ServerSocket.java:237)
	at org.apache.catalina.core.StandardServer.await(StandardServer.java:444)
	at org.apache.catalina.startup.Catalina.await(Catalina.java:782)
	at org.apache.catalina.startup.Catalina.start(Catalina.java:728)
	at sun.reflect.NativeMethodAccessorImpl.invoke0(Native Method)
	at sun.reflect.NativeMethodAccessorImpl.invoke(NativeMethodAccessorImpl.java:62)
	at sun.reflect.DelegatingMethodAccessorImpl.invoke(DelegatingMethodAccessorImpl.java:43)
	at java.lang.reflect.Method.invoke(Method.java:498)
	at org.apache.catalina.startup.Bootstrap.start(Bootstrap.java:294)
	at org.apache.catalina.startup.Bootstrap.main(Bootstrap.java:428)

Feb 08, 2019 7:14:16 AM org.apache.coyote.AbstractProtocol pause
INFO: Pausing ProtocolHandler ["http-bio-8080"]
Feb 08, 2019 7:14:16 AM org.apache.coyote.AbstractProtocol pause
INFO: Pausing ProtocolHandler ["ajp-bio-8009"]
Feb 08, 2019 7:14:16 AM org.apache.catalina.core.StandardService stopInternal
INFO: Stopping service Catalina
Feb 08, 2019 7:14:16 AM org.apache.openejb.assembler.classic.Assembler destroyApplication
INFO: Undeploying app: C:\address-manager\application\target\apache-tomee\webapps\ROOT
Feb 08, 2019 7:14:17 AM org.apache.openejb.util.OptionsLog info
INFO: Using 'openjpa.Log=org.apache.openejb.openjpa.JULOpenJPALogFactory'
Feb 08, 2019 7:14:17 AM org.apache.openejb.assembler.classic.Assembler destroyApplication
INFO: Undeployed app: C:\address-manager\application\target\apache-tomee\webapps\ROOT
Feb 08, 2019 7:14:17 AM org.apache.catalina.loader.WebappClassLoaderBase checkThreadLocalMapForLeaks
SEVERE: The web application [] created a ThreadLocal with key of type [com.netflix.hystrix.Hystrix$1] (value [com.netflix.hystrix.Hystrix$1@29548198]) and a value of type [com.netflix.hystrix.Hystrix.ConcurrentStack] (value [com.netflix.hystrix.Hystrix$ConcurrentStack@5e02e5d7]) but failed to remove it when the web application was stopped. Threads are going to be renewed over time to try and avoid a probable memory leak.
Feb 08, 2019 7:14:17 AM org.apache.coyote.AbstractProtocol stop
INFO: Stopping ProtocolHandler ["http-bio-8080"]
Feb 08, 2019 7:14:17 AM org.apache.coyote.AbstractProtocol stop
INFO: Stopping ProtocolHandler ["ajp-bio-8009"]
Feb 08, 2019 7:14:17 AM org.apache.openejb.server.SimpleServiceManager stop
INFO: Stopping server services
Feb 08, 2019 7:14:17 AM org.apache.coyote.AbstractProtocol destroy
INFO: Destroying ProtocolHandler ["http-bio-8080"]
Feb 08, 2019 7:14:17 AM org.apache.coyote.AbstractProtocol destroy
INFO: Destroying ProtocolHandler ["ajp-bio-8009"]
Feb 08, 2019 7:18:31 AM org.apache.catalina.startup.VersionLoggerListener log
INFO: Server version:        Apache Tomcat (TomEE)/7.0.81 (1.7.5)
Feb 08, 2019 7:18:31 AM org.apache.catalina.startup.VersionLoggerListener log
INFO: Server built:          Aug 11 2017 10:21:27 UTC
Feb 08, 2019 7:18:31 AM org.apache.catalina.startup.VersionLoggerListener log
INFO: Server number:         7.0.81.0
Feb 08, 2019 7:18:31 AM org.apache.catalina.startup.VersionLoggerListener log
INFO: OS Name:               Windows 10
Feb 08, 2019 7:18:31 AM org.apache.catalina.startup.VersionLoggerListener log
INFO: OS Version:            10.0
Feb 08, 2019 7:18:31 AM org.apache.catalina.startup.VersionLoggerListener log
INFO: Architecture:          amd64
Feb 08, 2019 7:18:31 AM org.apache.catalina.startup.VersionLoggerListener log
INFO: Java Home:             c:\java\jre
Feb 08, 2019 7:18:31 AM org.apache.catalina.startup.VersionLoggerListener log
INFO: JVM Version:           1.8.0_202-b08
Feb 08, 2019 7:18:31 AM org.apache.catalina.startup.VersionLoggerListener log
INFO: JVM Vendor:            Oracle Corporation
Feb 08, 2019 7:18:31 AM org.apache.catalina.startup.VersionLoggerListener log
INFO: CATALINA_BASE:         C:\address-manager\application\target\apache-tomee
Feb 08, 2019 7:18:31 AM org.apache.catalina.startup.VersionLoggerListener log
INFO: CATALINA_HOME:         C:\address-manager\application\target\apache-tomee
Feb 08, 2019 7:18:31 AM org.apache.catalina.startup.VersionLoggerListener log
INFO: Command line argument: -XX:+HeapDumpOnOutOfMemoryError
Feb 08, 2019 7:18:31 AM org.apache.catalina.startup.VersionLoggerListener log
INFO: Command line argument: -Dorg.apache.catalina.STRICT_SERVLET_COMPLIANCE=false
Feb 08, 2019 7:18:31 AM org.apache.catalina.startup.VersionLoggerListener log
INFO: Command line argument: -Dopenejb.session.manager=org.apache.tomee.catalina.session.QuickSessionManager
Feb 08, 2019 7:18:31 AM org.apache.catalina.startup.VersionLoggerListener log
INFO: Command line argument: -Dtomee.remote.support=true
Feb 08, 2019 7:18:31 AM org.apache.catalina.startup.VersionLoggerListener log
INFO: Command line argument: -Dopenejb.system.apps=false
Feb 08, 2019 7:18:31 AM org.apache.catalina.startup.VersionLoggerListener log
INFO: Command line argument: -Djava.util.logging.config.file=C:\address-manager\application\target\apache-tomee\conf\logging.properties
Feb 08, 2019 7:18:31 AM org.apache.catalina.startup.VersionLoggerListener log
INFO: Command line argument: -javaagent:C:\address-manager\application\target\apache-tomee\lib\openejb-javaagent.jar
Feb 08, 2019 7:18:31 AM org.apache.catalina.startup.VersionLoggerListener log
INFO: Command line argument: -Djava.util.logging.manager=org.apache.juli.ClassLoaderLogManager
Feb 08, 2019 7:18:31 AM org.apache.catalina.startup.VersionLoggerListener log
INFO: Command line argument: -Djava.io.tmpdir=C:\address-manager\application\target\apache-tomee\temp
Feb 08, 2019 7:18:31 AM org.apache.catalina.startup.VersionLoggerListener log
INFO: Command line argument: -Djava.endorsed.dirs=C:\address-manager\application\target\apache-tomee\endorsed
Feb 08, 2019 7:18:31 AM org.apache.catalina.startup.VersionLoggerListener log
INFO: Command line argument: -Dcatalina.base=C:\address-manager\application\target\apache-tomee
Feb 08, 2019 7:18:31 AM org.apache.catalina.startup.VersionLoggerListener log
INFO: Command line argument: -Dcatalina.home=C:\address-manager\application\target\apache-tomee
Feb 08, 2019 7:18:31 AM org.apache.catalina.startup.VersionLoggerListener log
INFO: Command line argument: -Dcatalina.ext.dirs=C:\address-manager\application\target\apache-tomee\lib
Feb 08, 2019 7:18:31 AM org.apache.catalina.startup.VersionLoggerListener log
INFO: Command line argument: -Dorg.apache.tomcat.util.http.ServerCookie.ALLOW_HTTP_SEPARATORS_IN_V0=true
Feb 08, 2019 7:18:31 AM org.apache.catalina.startup.VersionLoggerListener log
INFO: Command line argument: -ea
Feb 08, 2019 7:18:31 AM org.apache.catalina.core.AprLifecycleListener lifecycleEvent
INFO: The APR based Apache Tomcat Native library which allows optimal performance in production environments was not found on the java.library.path: c:\java\jre\bin;C:\WINDOWS\Sun\Java\bin;C:\WINDOWS\system32;C:\WINDOWS;C:\Program Files (x86)\Common Files\Oracle\Java\javapath;c:\windows\system32;c:\windows;c:\windows\system32\wbem;c:\windows\system32\windowspowershell\v1.0\;c:\windows\system32\openssh\;c:\program files\intel\wifi\bin\;c:\program files\common files\intel\wirelesscommon\;C:\Program Files (x86)\Intel\Intel(R) Management Engine Components\DAL;C:\Program Files\Intel\Intel(R) Management Engine Components\DAL;c:\maven\bin;C:\Program Files\Git\cmd;C:\Users\d033258\AppData\Roaming\Cloud Foundry;C:\Users\d033258\AppData\Local\Microsoft\WindowsApps;c:\maven\bin;c:\java\\bin;;.
Feb 08, 2019 7:18:31 AM org.apache.coyote.AbstractProtocol init
INFO: Initializing ProtocolHandler ["http-bio-8080"]
Feb 08, 2019 7:18:31 AM org.apache.coyote.AbstractProtocol init
INFO: Initializing ProtocolHandler ["ajp-bio-8009"]
Feb 08, 2019 7:18:32 AM org.apache.openejb.util.OptionsLog info
INFO: Using 'tomee.remote.support=true'
Feb 08, 2019 7:18:32 AM org.apache.openejb.util.OptionsLog info
INFO: Using 'openejb.jdbc.datasource-creator=org.apache.tomee.jdbc.TomEEDataSourceCreator'
Feb 08, 2019 7:18:32 AM org.apache.openejb.OpenEJB$Instance <init>
INFO: ********************************************************************************
Feb 08, 2019 7:18:32 AM org.apache.openejb.OpenEJB$Instance <init>
INFO: OpenEJB http://tomee.apache.org/
Feb 08, 2019 7:18:32 AM org.apache.openejb.OpenEJB$Instance <init>
INFO: Startup: Fri Feb 08 07:18:32 CET 2019
Feb 08, 2019 7:18:32 AM org.apache.openejb.OpenEJB$Instance <init>
INFO: Copyright 1999-2015 (C) Apache OpenEJB/TomEE Project, All Rights Reserved.
Feb 08, 2019 7:18:32 AM org.apache.openejb.OpenEJB$Instance <init>
INFO: Version: 4.7.5
Feb 08, 2019 7:18:32 AM org.apache.openejb.OpenEJB$Instance <init>
INFO: Build date: 20170927
Feb 08, 2019 7:18:32 AM org.apache.openejb.OpenEJB$Instance <init>
INFO: Build time: 12:02
Feb 08, 2019 7:18:32 AM org.apache.openejb.OpenEJB$Instance <init>
INFO: ********************************************************************************
Feb 08, 2019 7:18:32 AM org.apache.openejb.OpenEJB$Instance <init>
INFO: openejb.home = C:\address-manager\application\target\apache-tomee
Feb 08, 2019 7:18:32 AM org.apache.openejb.OpenEJB$Instance <init>
INFO: openejb.base = C:\address-manager\application\target\apache-tomee
Feb 08, 2019 7:18:32 AM org.apache.openejb.cdi.CdiBuilder initializeOWB
INFO: Created new singletonService org.apache.openejb.cdi.ThreadSingletonServiceImpl@60438a68
Feb 08, 2019 7:18:32 AM org.apache.openejb.cdi.CdiBuilder initializeOWB
INFO: Succeeded in installing singleton service
Feb 08, 2019 7:18:32 AM org.apache.openejb.config.ConfigurationFactory init
INFO: openejb configuration file is 'C:\address-manager\application\target\apache-tomee\conf\tomee.xml'
Feb 08, 2019 7:18:33 AM org.apache.openejb.config.ConfigurationFactory configureService
INFO: Configuring Service(id=Tomcat Security Service, type=SecurityService, provider-id=Tomcat Security Service)
Feb 08, 2019 7:18:33 AM org.apache.openejb.config.ConfigurationFactory configureService
INFO: Configuring Service(id=Default Transaction Manager, type=TransactionManager, provider-id=Default Transaction Manager)
Feb 08, 2019 7:18:33 AM org.apache.openejb.util.OptionsLog info
INFO: Using 'openejb.system.apps=false'
Feb 08, 2019 7:18:33 AM org.apache.openejb.util.OptionsLog info
INFO: Using 'openejb.deployments.classpath=false'
Feb 08, 2019 7:18:33 AM org.apache.openejb.assembler.classic.Assembler createRecipe
INFO: Creating TransactionManager(id=Default Transaction Manager)
Feb 08, 2019 7:18:33 AM org.apache.openejb.assembler.classic.Assembler createRecipe
INFO: Creating SecurityService(id=Tomcat Security Service)
Feb 08, 2019 7:18:33 AM org.apache.openejb.server.ServiceManager initServer
INFO: Creating ServerService(id=cxf-rs)
Feb 08, 2019 7:18:33 AM org.apache.openejb.server.SimpleServiceManager start
INFO:   ** Bound Services **
Feb 08, 2019 7:18:33 AM org.apache.openejb.server.SimpleServiceManager printRow
INFO:   NAME                 IP              PORT  
Feb 08, 2019 7:18:33 AM org.apache.openejb.server.SimpleServiceManager start
INFO: -------
Feb 08, 2019 7:18:33 AM org.apache.openejb.server.SimpleServiceManager start
INFO: Ready!
Feb 08, 2019 7:18:33 AM org.apache.catalina.startup.Catalina load
INFO: Initialization processed in 2944 ms
Feb 08, 2019 7:18:33 AM org.apache.tomee.catalina.OpenEJBNamingContextListener bindResource
INFO: Importing a Tomcat Resource with id 'UserDatabase' of type 'org.apache.catalina.UserDatabase'.
Feb 08, 2019 7:18:33 AM org.apache.openejb.assembler.classic.Assembler createRecipe
INFO: Creating Resource(id=UserDatabase)
Feb 08, 2019 7:18:33 AM org.apache.catalina.core.StandardService startInternal
INFO: Starting service Catalina
Feb 08, 2019 7:18:33 AM org.apache.catalina.core.StandardEngine startInternal
INFO: Starting Servlet Engine: Apache Tomcat (TomEE)/7.0.81 (1.7.5)
Feb 08, 2019 7:18:33 AM org.apache.catalina.startup.HostConfig deployWAR
INFO: Deploying web application archive C:\address-manager\application\target\apache-tomee\webapps\ROOT.war
Feb 08, 2019 7:18:33 AM org.apache.tomee.catalina.TomcatWebAppBuilder init
INFO: ------------------------- localhost -> /
Feb 08, 2019 7:18:33 AM org.apache.openejb.util.JarExtractor extract
INFO: Extracting jar: C:\address-manager\application\target\apache-tomee\webapps\ROOT.war
Feb 08, 2019 7:18:34 AM org.apache.openejb.util.JarExtractor extract
INFO: Extracted path: C:\address-manager\application\target\apache-tomee\webapps\ROOT
Feb 08, 2019 7:18:34 AM org.apache.openejb.util.OptionsLog info
INFO: Using 'openejb.session.manager=org.apache.tomee.catalina.session.QuickSessionManager'
Feb 08, 2019 7:18:37 AM org.apache.openejb.config.ConfigurationFactory configureApplication
INFO: Configuring enterprise application: C:\address-manager\application\target\apache-tomee\webapps\ROOT
Feb 08, 2019 7:18:37 AM org.apache.openejb.config.ConfigurationFactory configureService
INFO: Configuring Service(id=Default Managed Container, type=Container, provider-id=Default Managed Container)
Feb 08, 2019 7:18:37 AM org.apache.openejb.config.AutoConfig createContainer
INFO: Auto-creating a container for bean .Comp1939327880: Container(type=MANAGED, id=Default Managed Container)
Feb 08, 2019 7:18:37 AM org.apache.openejb.assembler.classic.Assembler createRecipe
INFO: Creating Container(id=Default Managed Container)
Feb 08, 2019 7:18:37 AM org.apache.openejb.core.managed.SimplePassivater init
INFO: Using directory C:\address-manager\application\target\apache-tomee\temp for stateful session passivation
Feb 08, 2019 7:18:37 AM org.apache.openejb.config.AppInfoBuilder build
INFO: Enterprise application "C:\address-manager\application\target\apache-tomee\webapps\ROOT" loaded.
Feb 08, 2019 7:18:38 AM org.apache.openejb.assembler.classic.Assembler createApplication
INFO: Assembling app: C:\address-manager\application\target\apache-tomee\webapps\ROOT
Feb 08, 2019 7:18:38 AM org.apache.openejb.cdi.CdiBuilder initSingleton
INFO: Existing thread singleton service in SystemInstance(): org.apache.openejb.cdi.ThreadSingletonServiceImpl@60438a68
Feb 08, 2019 7:18:38 AM org.apache.openejb.cdi.OpenEJBLifecycle startApplication
INFO: OpenWebBeans Container is starting...
Feb 08, 2019 7:18:38 AM org.apache.webbeans.plugins.PluginLoader startUp
INFO: Adding OpenWebBeansPlugin : [CdiPlugin]
Feb 08, 2019 7:18:38 AM org.apache.webbeans.plugins.PluginLoader startUp
INFO: Adding OpenWebBeansPlugin : [OpenWebBeansJsfPlugin]
Feb 08, 2019 7:18:45 AM org.apache.webbeans.config.BeansDeployer deploySingleAnnotatedType
INFO: Skipping deployment of Class class com.sap.cloud.sdk.cloudplatform.auditlog.ScpCfAuditLogdue to a NoClassDefFoundError: com/sap/xs/audit/api/exception/AuditLogException
Feb 08, 2019 7:18:48 AM org.apache.webbeans.config.BeansDeployer validateInjectionPoints
INFO: All injection points were validated successfully.
Feb 08, 2019 7:18:48 AM org.apache.openejb.cdi.OpenEJBLifecycle startApplication
INFO: OpenWebBeans Container has started, it took 10187 ms.
Feb 08, 2019 7:18:48 AM org.apache.openejb.assembler.classic.Assembler createApplication
INFO: Deployed Application(path=C:\address-manager\application\target\apache-tomee\webapps\ROOT)
Feb 08, 2019 7:18:50 AM org.apache.catalina.startup.HostConfig deployWAR
INFO: Deployment of web application archive C:\address-manager\application\target\apache-tomee\webapps\ROOT.war has finished in 16,919 ms
Feb 08, 2019 7:18:50 AM org.apache.coyote.AbstractProtocol start
INFO: Starting ProtocolHandler ["http-bio-8080"]
Feb 08, 2019 7:18:50 AM org.apache.coyote.AbstractProtocol start
INFO: Starting ProtocolHandler ["ajp-bio-8009"]
Feb 08, 2019 7:18:50 AM org.apache.catalina.startup.Catalina start
INFO: Server startup in 17148 ms
Feb 08, 2019 7:18:50 AM org.apache.catalina.core.StandardServer await
SEVERE: StandardServer.await: create[localhost:8005]: 
java.net.BindException: Address already in use: JVM_Bind
	at java.net.DualStackPlainSocketImpl.bind0(Native Method)
	at java.net.DualStackPlainSocketImpl.socketBind(DualStackPlainSocketImpl.java:106)
	at java.net.AbstractPlainSocketImpl.bind(AbstractPlainSocketImpl.java:387)
	at java.net.PlainSocketImpl.bind(PlainSocketImpl.java:190)
	at java.net.ServerSocket.bind(ServerSocket.java:375)
	at java.net.ServerSocket.<init>(ServerSocket.java:237)
	at org.apache.catalina.core.StandardServer.await(StandardServer.java:444)
	at org.apache.catalina.startup.Catalina.await(Catalina.java:782)
	at org.apache.catalina.startup.Catalina.start(Catalina.java:728)
	at sun.reflect.NativeMethodAccessorImpl.invoke0(Native Method)
	at sun.reflect.NativeMethodAccessorImpl.invoke(NativeMethodAccessorImpl.java:62)
	at sun.reflect.DelegatingMethodAccessorImpl.invoke(DelegatingMethodAccessorImpl.java:43)
	at java.lang.reflect.Method.invoke(Method.java:498)
	at org.apache.catalina.startup.Bootstrap.start(Bootstrap.java:294)
	at org.apache.catalina.startup.Bootstrap.main(Bootstrap.java:428)

Feb 08, 2019 7:18:50 AM org.apache.coyote.AbstractProtocol pause
INFO: Pausing ProtocolHandler ["http-bio-8080"]
Feb 08, 2019 7:18:50 AM org.apache.coyote.AbstractProtocol pause
INFO: Pausing ProtocolHandler ["ajp-bio-8009"]
Feb 08, 2019 7:18:50 AM org.apache.catalina.core.StandardService stopInternal
INFO: Stopping service Catalina
Feb 08, 2019 7:18:51 AM org.apache.openejb.assembler.classic.Assembler destroyApplication
INFO: Undeploying app: C:\address-manager\application\target\apache-tomee\webapps\ROOT
Feb 08, 2019 7:18:51 AM org.apache.openejb.util.OptionsLog info
INFO: Using 'openjpa.Log=org.apache.openejb.openjpa.JULOpenJPALogFactory'
Feb 08, 2019 7:18:51 AM org.apache.openejb.assembler.classic.Assembler destroyApplication
INFO: Undeployed app: C:\address-manager\application\target\apache-tomee\webapps\ROOT
Feb 08, 2019 7:18:51 AM org.apache.catalina.loader.WebappClassLoaderBase checkThreadLocalMapForLeaks
SEVERE: The web application [] created a ThreadLocal with key of type [com.netflix.hystrix.Hystrix$1] (value [com.netflix.hystrix.Hystrix$1@57f8a540]) and a value of type [com.netflix.hystrix.Hystrix.ConcurrentStack] (value [com.netflix.hystrix.Hystrix$ConcurrentStack@5c203437]) but failed to remove it when the web application was stopped. Threads are going to be renewed over time to try and avoid a probable memory leak.
Feb 08, 2019 7:18:51 AM org.apache.coyote.AbstractProtocol stop
INFO: Stopping ProtocolHandler ["http-bio-8080"]
Feb 08, 2019 7:18:51 AM org.apache.coyote.AbstractProtocol stop
INFO: Stopping ProtocolHandler ["ajp-bio-8009"]
Feb 08, 2019 7:18:51 AM org.apache.openejb.server.SimpleServiceManager stop
INFO: Stopping server services
Feb 08, 2019 7:18:51 AM org.apache.coyote.AbstractProtocol destroy
INFO: Destroying ProtocolHandler ["http-bio-8080"]
Feb 08, 2019 7:18:51 AM org.apache.coyote.AbstractProtocol destroy
INFO: Destroying ProtocolHandler ["ajp-bio-8009"]
Feb 08, 2019 7:47:22 AM org.apache.catalina.startup.VersionLoggerListener log
INFO: Server version:        Apache Tomcat (TomEE)/7.0.81 (1.7.5)
Feb 08, 2019 7:47:22 AM org.apache.catalina.startup.VersionLoggerListener log
INFO: Server built:          Aug 11 2017 10:21:27 UTC
Feb 08, 2019 7:47:22 AM org.apache.catalina.startup.VersionLoggerListener log
INFO: Server number:         7.0.81.0
Feb 08, 2019 7:47:22 AM org.apache.catalina.startup.VersionLoggerListener log
INFO: OS Name:               Windows 10
Feb 08, 2019 7:47:22 AM org.apache.catalina.startup.VersionLoggerListener log
INFO: OS Version:            10.0
Feb 08, 2019 7:47:22 AM org.apache.catalina.startup.VersionLoggerListener log
INFO: Architecture:          amd64
Feb 08, 2019 7:47:22 AM org.apache.catalina.startup.VersionLoggerListener log
INFO: Java Home:             c:\java\jre
Feb 08, 2019 7:47:22 AM org.apache.catalina.startup.VersionLoggerListener log
INFO: JVM Version:           1.8.0_202-b08
Feb 08, 2019 7:47:22 AM org.apache.catalina.startup.VersionLoggerListener log
INFO: JVM Vendor:            Oracle Corporation
Feb 08, 2019 7:47:22 AM org.apache.catalina.startup.VersionLoggerListener log
INFO: CATALINA_BASE:         C:\address-manager\application\target\apache-tomee
Feb 08, 2019 7:47:22 AM org.apache.catalina.startup.VersionLoggerListener log
INFO: CATALINA_HOME:         C:\address-manager\application\target\apache-tomee
Feb 08, 2019 7:47:22 AM org.apache.catalina.startup.VersionLoggerListener log
INFO: Command line argument: -XX:+HeapDumpOnOutOfMemoryError
Feb 08, 2019 7:47:22 AM org.apache.catalina.startup.VersionLoggerListener log
INFO: Command line argument: -Dorg.apache.catalina.STRICT_SERVLET_COMPLIANCE=false
Feb 08, 2019 7:47:22 AM org.apache.catalina.startup.VersionLoggerListener log
INFO: Command line argument: -Dopenejb.session.manager=org.apache.tomee.catalina.session.QuickSessionManager
Feb 08, 2019 7:47:22 AM org.apache.catalina.startup.VersionLoggerListener log
INFO: Command line argument: -Dtomee.remote.support=true
Feb 08, 2019 7:47:22 AM org.apache.catalina.startup.VersionLoggerListener log
INFO: Command line argument: -Dopenejb.system.apps=false
Feb 08, 2019 7:47:22 AM org.apache.catalina.startup.VersionLoggerListener log
INFO: Command line argument: -Djava.util.logging.config.file=C:\address-manager\application\target\apache-tomee\conf\logging.properties
Feb 08, 2019 7:47:22 AM org.apache.catalina.startup.VersionLoggerListener log
INFO: Command line argument: -javaagent:C:\address-manager\application\target\apache-tomee\lib\openejb-javaagent.jar
Feb 08, 2019 7:47:22 AM org.apache.catalina.startup.VersionLoggerListener log
INFO: Command line argument: -Djava.util.logging.manager=org.apache.juli.ClassLoaderLogManager
Feb 08, 2019 7:47:22 AM org.apache.catalina.startup.VersionLoggerListener log
INFO: Command line argument: -Djava.io.tmpdir=C:\address-manager\application\target\apache-tomee\temp
Feb 08, 2019 7:47:22 AM org.apache.catalina.startup.VersionLoggerListener log
INFO: Command line argument: -Djava.endorsed.dirs=C:\address-manager\application\target\apache-tomee\endorsed
Feb 08, 2019 7:47:22 AM org.apache.catalina.startup.VersionLoggerListener log
INFO: Command line argument: -Dcatalina.base=C:\address-manager\application\target\apache-tomee
Feb 08, 2019 7:47:22 AM org.apache.catalina.startup.VersionLoggerListener log
INFO: Command line argument: -Dcatalina.home=C:\address-manager\application\target\apache-tomee
Feb 08, 2019 7:47:22 AM org.apache.catalina.startup.VersionLoggerListener log
INFO: Command line argument: -Dcatalina.ext.dirs=C:\address-manager\application\target\apache-tomee\lib
Feb 08, 2019 7:47:22 AM org.apache.catalina.startup.VersionLoggerListener log
INFO: Command line argument: -Dorg.apache.tomcat.util.http.ServerCookie.ALLOW_HTTP_SEPARATORS_IN_V0=true
Feb 08, 2019 7:47:22 AM org.apache.catalina.startup.VersionLoggerListener log
INFO: Command line argument: -ea
Feb 08, 2019 7:47:22 AM org.apache.catalina.core.AprLifecycleListener lifecycleEvent
INFO: The APR based Apache Tomcat Native library which allows optimal performance in production environments was not found on the java.library.path: c:\java\jre\bin;C:\WINDOWS\Sun\Java\bin;C:\WINDOWS\system32;C:\WINDOWS;C:\Program Files (x86)\Common Files\Oracle\Java\javapath;c:\windows\system32;c:\windows;c:\windows\system32\wbem;c:\windows\system32\windowspowershell\v1.0\;c:\windows\system32\openssh\;c:\program files\intel\wifi\bin\;c:\program files\common files\intel\wirelesscommon\;C:\Program Files (x86)\Intel\Intel(R) Management Engine Components\DAL;C:\Program Files\Intel\Intel(R) Management Engine Components\DAL;c:\maven\bin;C:\Program Files\Git\cmd;C:\Users\d033258\AppData\Roaming\Cloud Foundry;C:\Users\d033258\AppData\Local\Microsoft\WindowsApps;c:\maven\bin;c:\java\\bin;;.
Feb 08, 2019 7:47:23 AM org.apache.coyote.AbstractProtocol init
INFO: Initializing ProtocolHandler ["http-bio-8080"]
Feb 08, 2019 7:47:23 AM org.apache.coyote.AbstractProtocol init
INFO: Initializing ProtocolHandler ["ajp-bio-8009"]
Feb 08, 2019 7:47:23 AM org.apache.openejb.util.OptionsLog info
INFO: Using 'tomee.remote.support=true'
Feb 08, 2019 7:47:24 AM org.apache.openejb.util.OptionsLog info
INFO: Using 'openejb.jdbc.datasource-creator=org.apache.tomee.jdbc.TomEEDataSourceCreator'
Feb 08, 2019 7:47:24 AM org.apache.openejb.OpenEJB$Instance <init>
INFO: ********************************************************************************
Feb 08, 2019 7:47:24 AM org.apache.openejb.OpenEJB$Instance <init>
INFO: OpenEJB http://tomee.apache.org/
Feb 08, 2019 7:47:24 AM org.apache.openejb.OpenEJB$Instance <init>
INFO: Startup: Fri Feb 08 07:47:24 CET 2019
Feb 08, 2019 7:47:24 AM org.apache.openejb.OpenEJB$Instance <init>
INFO: Copyright 1999-2015 (C) Apache OpenEJB/TomEE Project, All Rights Reserved.
Feb 08, 2019 7:47:24 AM org.apache.openejb.OpenEJB$Instance <init>
INFO: Version: 4.7.5
Feb 08, 2019 7:47:24 AM org.apache.openejb.OpenEJB$Instance <init>
INFO: Build date: 20170927
Feb 08, 2019 7:47:24 AM org.apache.openejb.OpenEJB$Instance <init>
INFO: Build time: 12:02
Feb 08, 2019 7:47:24 AM org.apache.openejb.OpenEJB$Instance <init>
INFO: ********************************************************************************
Feb 08, 2019 7:47:24 AM org.apache.openejb.OpenEJB$Instance <init>
INFO: openejb.home = C:\address-manager\application\target\apache-tomee
Feb 08, 2019 7:47:24 AM org.apache.openejb.OpenEJB$Instance <init>
INFO: openejb.base = C:\address-manager\application\target\apache-tomee
Feb 08, 2019 7:47:24 AM org.apache.openejb.cdi.CdiBuilder initializeOWB
INFO: Created new singletonService org.apache.openejb.cdi.ThreadSingletonServiceImpl@60438a68
Feb 08, 2019 7:47:24 AM org.apache.openejb.cdi.CdiBuilder initializeOWB
INFO: Succeeded in installing singleton service
Feb 08, 2019 7:47:24 AM org.apache.openejb.config.ConfigurationFactory init
INFO: openejb configuration file is 'C:\address-manager\application\target\apache-tomee\conf\tomee.xml'
Feb 08, 2019 7:47:24 AM org.apache.openejb.config.ConfigurationFactory configureService
INFO: Configuring Service(id=Tomcat Security Service, type=SecurityService, provider-id=Tomcat Security Service)
Feb 08, 2019 7:47:24 AM org.apache.openejb.config.ConfigurationFactory configureService
INFO: Configuring Service(id=Default Transaction Manager, type=TransactionManager, provider-id=Default Transaction Manager)
Feb 08, 2019 7:47:24 AM org.apache.openejb.util.OptionsLog info
INFO: Using 'openejb.system.apps=false'
Feb 08, 2019 7:47:24 AM org.apache.openejb.util.OptionsLog info
INFO: Using 'openejb.deployments.classpath=false'
Feb 08, 2019 7:47:24 AM org.apache.openejb.assembler.classic.Assembler createRecipe
INFO: Creating TransactionManager(id=Default Transaction Manager)
Feb 08, 2019 7:47:24 AM org.apache.openejb.assembler.classic.Assembler createRecipe
INFO: Creating SecurityService(id=Tomcat Security Service)
Feb 08, 2019 7:47:24 AM org.apache.openejb.server.ServiceManager initServer
INFO: Creating ServerService(id=cxf-rs)
Feb 08, 2019 7:47:24 AM org.apache.openejb.server.SimpleServiceManager start
INFO:   ** Bound Services **
Feb 08, 2019 7:47:24 AM org.apache.openejb.server.SimpleServiceManager printRow
INFO:   NAME                 IP              PORT  
Feb 08, 2019 7:47:24 AM org.apache.openejb.server.SimpleServiceManager start
INFO: -------
Feb 08, 2019 7:47:24 AM org.apache.openejb.server.SimpleServiceManager start
INFO: Ready!
Feb 08, 2019 7:47:24 AM org.apache.catalina.startup.Catalina load
INFO: Initialization processed in 3027 ms
Feb 08, 2019 7:47:25 AM org.apache.tomee.catalina.OpenEJBNamingContextListener bindResource
INFO: Importing a Tomcat Resource with id 'UserDatabase' of type 'org.apache.catalina.UserDatabase'.
Feb 08, 2019 7:47:25 AM org.apache.openejb.assembler.classic.Assembler createRecipe
INFO: Creating Resource(id=UserDatabase)
Feb 08, 2019 7:47:25 AM org.apache.catalina.core.StandardService startInternal
INFO: Starting service Catalina
Feb 08, 2019 7:47:25 AM org.apache.catalina.core.StandardEngine startInternal
INFO: Starting Servlet Engine: Apache Tomcat (TomEE)/7.0.81 (1.7.5)
Feb 08, 2019 7:47:25 AM org.apache.catalina.startup.HostConfig deployWAR
INFO: Deploying web application archive C:\address-manager\application\target\apache-tomee\webapps\ROOT.war
Feb 08, 2019 7:47:25 AM org.apache.tomee.catalina.TomcatWebAppBuilder init
INFO: ------------------------- localhost -> /
Feb 08, 2019 7:47:25 AM org.apache.openejb.util.JarExtractor extract
INFO: Extracting jar: C:\address-manager\application\target\apache-tomee\webapps\ROOT.war
Feb 08, 2019 7:47:25 AM org.apache.openejb.util.JarExtractor extract
INFO: Extracted path: C:\address-manager\application\target\apache-tomee\webapps\ROOT
Feb 08, 2019 7:47:25 AM org.apache.openejb.util.OptionsLog info
INFO: Using 'openejb.session.manager=org.apache.tomee.catalina.session.QuickSessionManager'
Feb 08, 2019 7:47:29 AM org.apache.openejb.config.ConfigurationFactory configureApplication
INFO: Configuring enterprise application: C:\address-manager\application\target\apache-tomee\webapps\ROOT
Feb 08, 2019 7:47:29 AM org.apache.openejb.config.ConfigurationFactory configureService
INFO: Configuring Service(id=Default Managed Container, type=Container, provider-id=Default Managed Container)
Feb 08, 2019 7:47:29 AM org.apache.openejb.config.AutoConfig createContainer
INFO: Auto-creating a container for bean .Comp184079187: Container(type=MANAGED, id=Default Managed Container)
Feb 08, 2019 7:47:29 AM org.apache.openejb.assembler.classic.Assembler createRecipe
INFO: Creating Container(id=Default Managed Container)
Feb 08, 2019 7:47:29 AM org.apache.openejb.core.managed.SimplePassivater init
INFO: Using directory C:\address-manager\application\target\apache-tomee\temp for stateful session passivation
Feb 08, 2019 7:47:29 AM org.apache.openejb.config.AppInfoBuilder build
INFO: Enterprise application "C:\address-manager\application\target\apache-tomee\webapps\ROOT" loaded.
Feb 08, 2019 7:47:30 AM org.apache.openejb.assembler.classic.Assembler createApplication
INFO: Assembling app: C:\address-manager\application\target\apache-tomee\webapps\ROOT
Feb 08, 2019 7:47:30 AM org.apache.openejb.cdi.CdiBuilder initSingleton
INFO: Existing thread singleton service in SystemInstance(): org.apache.openejb.cdi.ThreadSingletonServiceImpl@60438a68
Feb 08, 2019 7:47:30 AM org.apache.openejb.cdi.OpenEJBLifecycle startApplication
INFO: OpenWebBeans Container is starting...
Feb 08, 2019 7:47:30 AM org.apache.webbeans.plugins.PluginLoader startUp
INFO: Adding OpenWebBeansPlugin : [CdiPlugin]
Feb 08, 2019 7:47:30 AM org.apache.webbeans.plugins.PluginLoader startUp
INFO: Adding OpenWebBeansPlugin : [OpenWebBeansJsfPlugin]
Feb 08, 2019 7:47:39 AM org.apache.webbeans.config.BeansDeployer deploySingleAnnotatedType
INFO: Skipping deployment of Class class com.sap.cloud.sdk.cloudplatform.auditlog.ScpCfAuditLogdue to a NoClassDefFoundError: com/sap/xs/audit/api/exception/AuditLogNotAvailableException
Feb 08, 2019 7:47:42 AM org.apache.webbeans.config.BeansDeployer validateInjectionPoints
INFO: All injection points were validated successfully.
Feb 08, 2019 7:47:42 AM org.apache.openejb.cdi.OpenEJBLifecycle startApplication
INFO: OpenWebBeans Container has started, it took 11752 ms.
Feb 08, 2019 7:47:42 AM org.apache.openejb.assembler.classic.Assembler createApplication
INFO: Deployed Application(path=C:\address-manager\application\target\apache-tomee\webapps\ROOT)
Feb 08, 2019 7:47:44 AM org.apache.catalina.startup.HostConfig deployWAR
INFO: Deployment of web application archive C:\address-manager\application\target\apache-tomee\webapps\ROOT.war has finished in 19,355 ms
Feb 08, 2019 7:47:44 AM org.apache.coyote.AbstractProtocol start
INFO: Starting ProtocolHandler ["http-bio-8080"]
Feb 08, 2019 7:47:44 AM org.apache.coyote.AbstractProtocol start
INFO: Starting ProtocolHandler ["ajp-bio-8009"]
Feb 08, 2019 7:47:44 AM org.apache.catalina.startup.Catalina start
INFO: Server startup in 19588 ms
Feb 08, 2019 7:47:44 AM org.apache.catalina.core.StandardServer await
SEVERE: StandardServer.await: create[localhost:8005]: 
java.net.BindException: Address already in use: JVM_Bind
	at java.net.DualStackPlainSocketImpl.bind0(Native Method)
	at java.net.DualStackPlainSocketImpl.socketBind(DualStackPlainSocketImpl.java:106)
	at java.net.AbstractPlainSocketImpl.bind(AbstractPlainSocketImpl.java:387)
	at java.net.PlainSocketImpl.bind(PlainSocketImpl.java:190)
	at java.net.ServerSocket.bind(ServerSocket.java:375)
	at java.net.ServerSocket.<init>(ServerSocket.java:237)
	at org.apache.catalina.core.StandardServer.await(StandardServer.java:444)
	at org.apache.catalina.startup.Catalina.await(Catalina.java:782)
	at org.apache.catalina.startup.Catalina.start(Catalina.java:728)
	at sun.reflect.NativeMethodAccessorImpl.invoke0(Native Method)
	at sun.reflect.NativeMethodAccessorImpl.invoke(NativeMethodAccessorImpl.java:62)
	at sun.reflect.DelegatingMethodAccessorImpl.invoke(DelegatingMethodAccessorImpl.java:43)
	at java.lang.reflect.Method.invoke(Method.java:498)
	at org.apache.catalina.startup.Bootstrap.start(Bootstrap.java:294)
	at org.apache.catalina.startup.Bootstrap.main(Bootstrap.java:428)

Feb 08, 2019 7:47:44 AM org.apache.coyote.AbstractProtocol pause
INFO: Pausing ProtocolHandler ["http-bio-8080"]
Feb 08, 2019 7:47:44 AM org.apache.coyote.AbstractProtocol pause
INFO: Pausing ProtocolHandler ["ajp-bio-8009"]
Feb 08, 2019 7:47:44 AM org.apache.catalina.core.StandardService stopInternal
INFO: Stopping service Catalina
Feb 08, 2019 7:47:44 AM org.apache.openejb.assembler.classic.Assembler destroyApplication
INFO: Undeploying app: C:\address-manager\application\target\apache-tomee\webapps\ROOT
Feb 08, 2019 7:47:45 AM org.apache.openejb.util.OptionsLog info
INFO: Using 'openjpa.Log=org.apache.openejb.openjpa.JULOpenJPALogFactory'
Feb 08, 2019 7:47:45 AM org.apache.openejb.assembler.classic.Assembler destroyApplication
INFO: Undeployed app: C:\address-manager\application\target\apache-tomee\webapps\ROOT
Feb 08, 2019 7:47:45 AM org.apache.catalina.loader.WebappClassLoaderBase checkThreadLocalMapForLeaks
SEVERE: The web application [] created a ThreadLocal with key of type [com.netflix.hystrix.Hystrix$1] (value [com.netflix.hystrix.Hystrix$1@325a51af]) and a value of type [com.netflix.hystrix.Hystrix.ConcurrentStack] (value [com.netflix.hystrix.Hystrix$ConcurrentStack@43b0e475]) but failed to remove it when the web application was stopped. Threads are going to be renewed over time to try and avoid a probable memory leak.
Feb 08, 2019 7:47:45 AM org.apache.coyote.AbstractProtocol stop
INFO: Stopping ProtocolHandler ["http-bio-8080"]
Feb 08, 2019 7:47:45 AM org.apache.coyote.AbstractProtocol stop
INFO: Stopping ProtocolHandler ["ajp-bio-8009"]
Feb 08, 2019 7:47:45 AM org.apache.openejb.server.SimpleServiceManager stop
INFO: Stopping server services
Feb 08, 2019 7:47:45 AM org.apache.coyote.AbstractProtocol destroy
INFO: Destroying ProtocolHandler ["http-bio-8080"]
Feb 08, 2019 7:47:45 AM org.apache.coyote.AbstractProtocol destroy
INFO: Destroying ProtocolHandler ["ajp-bio-8009"]
